<?xml version="1.0" encoding="UTF-8"?>
<!-- Generated by org.testng.reporters.JUnitXMLReporter -->
<testsuite ignored="4" hostname="DESKTOP-JJOP899" failures="0" tests="3" name="Test" time="35.733" errors="0" timestamp="2020-10-17T11:36:19 EET">
  <testcase classname="tests.AssertLogin" name="assertLogin" time="2.266"/>
  <testcase classname="tests.AssertHotel" name="assertHotel" time="5.274"/>
  <testcase classname="tests.AssertBook" name="assertBook" time="21.235"/>
  <testcase classname="tests.TestBase" name="@BeforeTest StartLogin" time="0.0">
    <ignored/>
  </testcase> <!-- @BeforeTest StartLogin -->
  <testcase classname="tests.TestBase" name="@BeforeTest StartLogin" time="0.0">
    <ignored/>
  </testcase> <!-- @BeforeTest StartLogin -->
  <testcase classname="tests.TestBase" name="@BeforeSuite StartDriver" time="0.0">
    <ignored/>
  </testcase> <!-- @BeforeSuite StartDriver -->
  <testcase classname="tests.TestBase" name="@BeforeSuite StartDriver" time="0.0">
    <ignored/>
  </testcase> <!-- @BeforeSuite StartDriver -->
</testsuite> <!-- Test -->
